Release 14.7 - xst P.20131013 (nt64)
Copyright (c) 1995-2013 Xilinx, Inc.  All rights reserved.
--> Parameter TMPDIR set to xst/projnav.tmp


Total REAL time to Xst completion: 0.00 secs
Total CPU time to Xst completion: 0.08 secs
 
--> Parameter xsthdpdir set to xst


Total REAL time to Xst completion: 0.00 secs
Total CPU time to Xst completion: 0.08 secs
 
--> Reading design: Execute.prj

TABLE OF CONTENTS
  1) Synthesis Options Summary
  2) HDL Parsing
  3) HDL Elaboration
  4) HDL Synthesis
       4.1) HDL Synthesis Report
  5) Advanced HDL Synthesis
       5.1) Advanced HDL Synthesis Report
  6) Low Level Synthesis
  7) Partition Report
  8) Design Summary
       8.1) Primitive and Black Box Usage
       8.2) Device utilization summary
       8.3) Partition Resource Summary
       8.4) Timing Report
            8.4.1) Clock Information
            8.4.2) Asynchronous Control Signals Information
            8.4.3) Timing Summary
            8.4.4) Timing Details
            8.4.5) Cross Clock Domains Report


=========================================================================
*                      Synthesis Options Summary                        *
=========================================================================
---- Source Parameters
Input File Name                    : "Execute.prj"
Ignore Synthesis Constraint File   : NO

---- Target Parameters
Output File Name                   : "Execute"
Output Format                      : NGC
Target Device                      : xc7a100t-3-csg324

---- Source Options
Top Module Name                    : Execute
Automatic FSM Extraction           : YES
FSM Encoding Algorithm             : Auto
Safe Implementation                : No
FSM Style                          : LUT
RAM Extraction                     : Yes
RAM Style                          : Auto
ROM Extraction                     : Yes
Shift Register Extraction          : YES
ROM Style                          : Auto
Resource Sharing                   : YES
Asynchronous To Synchronous        : NO
Shift Register Minimum Size        : 2
Use DSP Block                      : Auto
Automatic Register Balancing       : No

---- Target Options
LUT Combining                      : Auto
Reduce Control Sets                : Auto
Add IO Buffers                     : YES
Global Maximum Fanout              : 100000
Add Generic Clock Buffer(BUFG)     : 32
Register Duplication               : YES
Optimize Instantiated Primitives   : NO
Use Clock Enable                   : Auto
Use Synchronous Set                : Auto
Use Synchronous Reset              : Auto
Pack IO Registers into IOBs        : Auto
Equivalent register Removal        : YES

---- General Options
Optimization Goal                  : Speed
Optimization Effort                : 1
Power Reduction                    : NO
Keep Hierarchy                     : No
Netlist Hierarchy                  : As_Optimized
RTL Output                         : Yes
Global Optimization                : AllClockNets
Read Cores                         : YES
Write Timing Constraints           : NO
Cross Clock Analysis               : NO
Hierarchy Separator                : /
Bus Delimiter                      : <>
Case Specifier                     : Maintain
Slice Utilization Ratio            : 100
BRAM Utilization Ratio             : 100
DSP48 Utilization Ratio            : 100
Auto BRAM Packing                  : NO
Slice Utilization Ratio Delta      : 5

=========================================================================


=========================================================================
*                          HDL Parsing                                  *
=========================================================================
Analyzing Verilog file "D:\RICS\muxTwoToOne.v" into library work
Parsing module <muxTwoToOne>.
Analyzing Verilog file "D:\RICS\sixteenMuxTwoToOne.v" into library work
Parsing module <sixteenMuxTwoToOne>.
Analyzing Verilog file "D:\RICS\ALUControl.v" into library work
Parsing module <ALUControl>.
Analyzing Verilog file "D:\RICS\ALU.v" into library work
Parsing module <ALU>.
Analyzing Verilog file "D:\RICS\Execute.v" into library work
Parsing module <Execute>.

=========================================================================
*                            HDL Elaboration                            *
=========================================================================

Elaborating module <Execute>.

Elaborating module <sixteenMuxTwoToOne>.

Elaborating module <muxTwoToOne>.

Elaborating module <ALUControl>.

Elaborating module <ALU>.
WARNING:HDLCompiler:413 - "D:\RICS\ALU.v" Line 27: Result of 32-bit expression is truncated to fit in 16-bit target.
WARNING:HDLCompiler:413 - "D:\RICS\ALU.v" Line 51: Result of 32-bit expression is truncated to fit in 1-bit target.

=========================================================================
*                           HDL Synthesis                               *
=========================================================================

Synthesizing Unit <Execute>.
    Related source file is "D:\RICS\Execute.v".
    Summary:
	no macro.
Unit <Execute> synthesized.

Synthesizing Unit <sixteenMuxTwoToOne>.
    Related source file is "D:\RICS\sixteenMuxTwoToOne.v".
    Summary:
	no macro.
Unit <sixteenMuxTwoToOne> synthesized.

Synthesizing Unit <muxTwoToOne>.
    Related source file is "D:\RICS\muxTwoToOne.v".
    Summary:
	no macro.
Unit <muxTwoToOne> synthesized.

Synthesizing Unit <ALUControl>.
    Related source file is "D:\RICS\ALUControl.v".
WARNING:Xst:647 - Input <inp_func<3:3>> is never used. This port will be preserved and left unconnected if it belongs to a top-level block or it belongs to a sub-block and the hierarchy of this sub-block is preserved.
    Summary:
	inferred   5 Multiplexer(s).
Unit <ALUControl> synthesized.

Synthesizing Unit <ALU>.
    Related source file is "D:\RICS\ALU.v".
    Found 17-bit subtractor for signal <GND_5_o_GND_5_o_sub_12_OUT> created at line 46.
    Found 17-bit adder for signal <n0052[16:0]> created at line 46.
    Found 32-bit shifter logical right for signal <GND_5_o_inp_data2[15]_shift_right_5_OUT> created at line 35
    Found 32-bit shifter logical left for signal <GND_5_o_inp_data2[15]_shift_left_8_OUT> created at line 43
    Found 16-bit comparator greater for signal <inp_data1[15]_inp_data2[15]_LessThan_1_o> created at line 32
    Summary:
	inferred   2 Adder/Subtractor(s).
	inferred   1 Comparator(s).
	inferred   9 Multiplexer(s).
	inferred   2 Combinational logic shifter(s).
Unit <ALU> synthesized.

=========================================================================
HDL Synthesis Report

Macro Statistics
# Adders/Subtractors                                   : 2
 17-bit adder                                          : 1
 17-bit subtractor                                     : 1
# Comparators                                          : 1
 16-bit comparator greater                             : 1
# Multiplexers                                         : 14
 3-bit 2-to-1 multiplexer                              : 5
 32-bit 2-to-1 multiplexer                             : 9
# Logic shifters                                       : 2
 32-bit shifter logical left                           : 1
 32-bit shifter logical right                          : 1

=========================================================================

=========================================================================
*                       Advanced HDL Synthesis                          *
=========================================================================


=========================================================================
Advanced HDL Synthesis Report

Macro Statistics
# Adders/Subtractors                                   : 2
 17-bit adder                                          : 1
 17-bit subtractor                                     : 1
# Comparators                                          : 1
 16-bit comparator greater                             : 1
# Multiplexers                                         : 14
 3-bit 2-to-1 multiplexer                              : 5
 32-bit 2-to-1 multiplexer                             : 9
# Logic shifters                                       : 2
 32-bit shifter logical left                           : 1
 32-bit shifter logical right                          : 1

=========================================================================

=========================================================================
*                         Low Level Synthesis                           *
=========================================================================

Optimizing unit <Execute> ...

Optimizing unit <ALU> ...

Mapping all equations...
Building and optimizing final netlist ...
Found area constraint ratio of 100 (+ 5) on block Execute, actual ratio is 0.

Final Macro Processing ...

=========================================================================
Final Register Report

Found no macro
=========================================================================

=========================================================================
*                           Partition Report                            *
=========================================================================

Partition Implementation Status
-------------------------------

  No Partitions were found in this design.

-------------------------------

=========================================================================
*                            Design Summary                             *
=========================================================================

Top Level Output File Name         : Execute.ngc

Primitive and Black Box Usage:
------------------------------
# BELS                             : 279
#      GND                         : 1
#      LUT3                        : 20
#      LUT4                        : 49
#      LUT5                        : 55
#      LUT6                        : 77
#      MUXCY                       : 37
#      MUXF7                       : 7
#      VCC                         : 1
#      XORCY                       : 32
# IO Buffers                       : 71
#      IBUF                        : 54
#      OBUF                        : 17

Device utilization summary:
---------------------------

Selected Device : 7a100tcsg324-3 


Slice Logic Utilization: 
 Number of Slice LUTs:                  201  out of  63400     0%  
    Number used as Logic:               201  out of  63400     0%  

Slice Logic Distribution: 
 Number of LUT Flip Flop pairs used:    201
   Number with an unused Flip Flop:     201  out of    201   100%  
   Number with an unused LUT:             0  out of    201     0%  
   Number of fully used LUT-FF pairs:     0  out of    201     0%  
   Number of unique control sets:         0

IO Utilization: 
 Number of IOs:                          72
 Number of bonded IOBs:                  71  out of    210    33%  

Specific Feature Utilization:

---------------------------
Partition Resource Summary:
---------------------------

  No Partitions were found in this design.

---------------------------


=========================================================================
Timing Report

NOTE: THESE TIMING NUMBERS ARE ONLY A SYNTHESIS ESTIMATE.
      FOR ACCURATE TIMING INFORMATION PLEASE REFER TO THE TRACE REPORT
      GENERATED AFTER PLACE-and-ROUTE.

Clock Information:
------------------
No clock signals found in this design

Asynchronous Control Signals Information:
----------------------------------------
No asynchronous control signals found in this design

Timing Summary:
---------------
Speed Grade: -3

   Minimum period: No path found
   Minimum input arrival time before clock: No path found
   Maximum output required time after clock: No path found
   Maximum combinational path delay: 6.987ns

Timing Details:
---------------
All values displayed in nanoseconds (ns)

=========================================================================
Timing constraint: Default path analysis
  Total number of paths / destination ports: 10758 / 17
-------------------------------------------------------------------------
Delay:               6.987ns (Levels of Logic = 13)
  Source:            inp_aluSrc (PAD)
  Destination:       out_zero (PAD)

  Data Path: inp_aluSrc to out_zero
                                Gate     Net
    Cell:in->out      fanout   Delay   Delay  Logical Name (Net Name)
    ----------------------------------------  ------------
     IBUF:I->O            79   0.001   0.625  inp_aluSrc_IBUF (inp_aluSrc_IBUF)
     LUT3:I0->O            5   0.097   0.712  sixteenMuxTwoToOne_Execute/eleven_bit/ou_result1 (w_selcet<11>)
     LUT6:I0->O            1   0.097   0.295  ALU_Execute/out_SW0 (N2)
     LUT6:I5->O            6   0.097   0.318  ALU_Execute/out (ALU_Execute/_n0075)
     LUT3:I2->O            9   0.097   0.593  ALU_Execute/Mmux_n0021361 (ALU_Execute/Mmux_n002136)
     LUT6:I2->O            7   0.097   0.721  ALU_Execute/Mmux_n00211151 (ALU_Execute/Mmux_n0021115)
     LUT6:I0->O            1   0.097   0.295  ALU_Execute/Mmux_n002173_SW0 (N6)
     LUT6:I5->O            2   0.097   0.688  ALU_Execute/Mmux_n002173 (ALU_Execute/Mmux_n002172)
     LUT5:I0->O            1   0.097   0.000  ALU_Execute/Mmux_n002177_G (N15)
     MUXF7:I1->O           2   0.279   0.515  ALU_Execute/Mmux_n002177 (out_aluResult_11_OBUF)
     LUT6:I3->O            1   0.097   0.693  ALU_Execute/GND_5_o_GND_5_o_equal_17_o<15>2 (ALU_Execute/GND_5_o_GND_5_o_equal_17_o<15>1)
     LUT6:I0->O            1   0.097   0.279  ALU_Execute/GND_5_o_GND_5_o_equal_17_o<15>3 (out_zero_OBUF)
     OBUF:I->O                 0.000          out_zero_OBUF (out_zero)
    ----------------------------------------
    Total                      6.987ns (1.250ns logic, 5.737ns route)
                                       (17.9% logic, 82.1% route)

=========================================================================

Cross Clock Domains Report:
--------------------------

=========================================================================


Total REAL time to Xst completion: 7.00 secs
Total CPU time to Xst completion: 7.39 secs
 
--> 

Total memory usage is 4714052 kilobytes

Number of errors   :    0 (   0 filtered)
Number of warnings :    3 (   0 filtered)
Number of infos    :    0 (   0 filtered)

