ISim log file
Running: D:\RICS\mipstest_1_isim_beh.exe -intstyle ise -gui -tclbatch isim.cmd -wdb D:/RICS/mipstest_1_isim_beh.wdb 
ISim P.20131013 (signature 0x7708f090)
This is a Full version of ISim.
Time resolution is 1 ps
# onerror resume
# wave add /
# run 1000 ns
Simulator is doing circuit initialization process.
Finished circuit initialization process.
# run 1.00us
the flag for write was 1 but the register was 0
the flag for write was 1 but the register was 0
the flag for write was 1 but the register was 0
the flag for write was 1 but the register was 0
the flag for write was 1 but the register was 0
the flag for write was 1 but the register was 0
the flag for write was 1 but the register was 0
ISim P.20131013 (signature 0x7708f090)
This is a Full version of ISim.
# run 1000 ns
Simulator is doing circuit initialization process.
Finished circuit initialization process.
# run 1.00us
the flag for write was 1 but the register was 0
the flag for write was 1 but the register was 0
the flag for write was 1 but the register was 0
the flag for write was 1 but the register was 0
the flag for write was 1 but the register was 0
the flag for write was 1 but the register was 0
the flag for write was 1 but the register was 0
# run 1.00us
the flag for write was 1 but the register was 0
the flag for write was 1 but the register was 0
the flag for write was 1 but the register was 0
# run 1.00us
# run 1.00us
# run 1.00us
the flag for write was 1 but the register was 0
ISim P.20131013 (signature 0x7708f090)
This is a Full version of ISim.
# run 1000 ns
Simulator is doing circuit initialization process.
Finished circuit initialization process.
ISim P.20131013 (signature 0x7708f090)
This is a Full version of ISim.
# run 1000 ns
Simulator is doing circuit initialization process.
Finished circuit initialization process.
# run 1.00us
the flag for write was 1 but the register was 0
the flag for write was 1 but the register was 0
the flag for write was 1 but the register was 0
the flag for write was 1 but the register was 0
the flag for write was 1 but the register was 0
the flag for write was 1 but the register was 0
the flag for write was 1 but the register was 0
# run 1.00us
the flag for write was 1 but the register was 0
the flag for write was 1 but the register was 0
the flag for write was 1 but the register was 0
# run 1.00us
# run 1.00us
# run 1.00us
the flag for write was 1 but the register was 0
ISim P.20131013 (signature 0x7708f090)
This is a Full version of ISim.
# run 1000 ns
Simulator is doing circuit initialization process.
Finished circuit initialization process.
# run 1.00us
the flag for write was 1 but the register was 0
the flag for write was 1 but the register was 0
the flag for write was 1 but the register was 0
the flag for write was 1 but the register was 0
the flag for write was 1 but the register was 0
the flag for write was 1 but the register was 0
the flag for write was 1 but the register was 0
# run 1.00us
the flag for write was 1 but the register was 0
the flag for write was 1 but the register was 0
the flag for write was 1 but the register was 0
# run 1.00us
ISim P.20131013 (signature 0x7708f090)
This is a Full version of ISim.
# run 1000 ns
Simulator is doing circuit initialization process.
Finished circuit initialization process.
# run 1.00us
the flag for write was 1 but the register was 0
the flag for write was 1 but the register was 0
the flag for write was 1 but the register was 0
the flag for write was 1 but the register was 0
the flag for write was 1 but the register was 0
the flag for write was 1 but the register was 0
the flag for write was 1 but the register was 0
# run 1.00us
the flag for write was 1 but the register was 0
the flag for write was 1 but the register was 0
the flag for write was 1 but the register was 0
# run 1.00us
# run 1.00us
# run 1.00us
the flag for write was 1 but the register was 0
